  autofit.c
  ftbase.c
  ftbbox.c
  ftbdf.c
  ftbitmap.c
  ftcid.c
  ftfstype.c
  ftgasp.c
  ftglyph.c
  ftgxval.c
  ftinit.c
  ftmm.c
E:\下载\freetype-2.13.3\src\autofit\afblue.c(1,1): warning C4819: 该文件包含不能在当前代码页(936)中表示的字符。请将该文件保存为 Unicode 格式以防止数据丢失
  (编译源文件“../../../src/autofit/autofit.c”)
  
E:\下载\freetype-2.13.3\src\autofit\afscript.h(1,1): warning C4819: 该文件包含不能在当前代码页(936)中表示的字符。请将该文件保存为 Unicode 格式以防止数据丢失
  (编译源文件“../../../src/autofit/autofit.c”)
  
E:\下载\freetype-2.13.3\src\autofit\afblue.c(255,1): warning C4819: 该文件包含不能在当前代码页(936)中表示的字符。请将该文件保存为 Unicode 格式以防止数据丢失
  (编译源文件“../../../src/autofit/autofit.c”)
  
E:\下载\freetype-2.13.3\src\autofit\afscript.h(1,1): warning C4819: 该文件包含不能在当前代码页(936)中表示的字符。请将该文件保存为 Unicode 格式以防止数据丢失
  (编译源文件“../../../src/autofit/autofit.c”)
  
E:\下载\freetype-2.13.3\src\autofit\afscript.h(1,1): warning C4819: 该文件包含不能在当前代码页(936)中表示的字符。请将该文件保存为 Unicode 格式以防止数据丢失
  (编译源文件“../../../src/autofit/autofit.c”)
  
E:\下载\freetype-2.13.3\src\autofit\afscript.h(1,1): warning C4819: 该文件包含不能在当前代码页(936)中表示的字符。请将该文件保存为 Unicode 格式以防止数据丢失
  (编译源文件“../../../src/autofit/autofit.c”)
  
E:\下载\freetype-2.13.3\src\autofit\afscript.h(1,1): warning C4819: 该文件包含不能在当前代码页(936)中表示的字符。请将该文件保存为 Unicode 格式以防止数据丢失
  (编译源文件“../../../src/autofit/autofit.c”)
  
E:\下载\freetype-2.13.3\src\autofit\afscript.h(1,1): warning C4819: 该文件包含不能在当前代码页(936)中表示的字符。请将该文件保存为 Unicode 格式以防止数据丢失
  (编译源文件“../../../src/autofit/autofit.c”)
  
  ftotval.c
  ftpatent.c
  ftpfr.c
  ftstroke.c
  ftsynth.c
  fttype1.c
  ftwinfnt.c
  bdf.c
  ftcache.c
  cff.c
  type1cid.c
  dlgwrap.c
  ftgzip.c
  ftlzw.c
  pcf.c
  pfr.c
  psaux.c
  pshinter.c
  psmodule.c
  raster.c
  sfnt.c
  smooth.c
  sdf.c
  svg.c
  truetype.c
  type1.c
E:\下载\freetype-2.13.3\src\sfnt\sfdriver.c(1036,36): warning C4244: “函数”: 从“__int64”转换到“const unsigned int”，可能丢失数据
  (编译源文件“../../../src/sfnt/sfnt.c”)
  
  type42.c
E:\下载\freetype-2.13.3\src\sfnt\ttload.c(1,1): warning C4819: 该文件包含不能在当前代码页(936)中表示的字符。请将该文件保存为 Unicode 格式以防止数据丢失
  (编译源文件“../../../src/sfnt/sfnt.c”)
  
  winfnt.c
E:\下载\freetype-2.13.3\src\type42\t42parse.c(878,62): warning C4244: “=”: 从“__int64”转换到“FT_Int”，可能丢失数据
  (编译源文件“../../../src/type42/type42.c”)
  
E:\下载\freetype-2.13.3\src\type1\t1load.c(1780,64): warning C4244: “=”: 从“__int64”转换到“FT_Int”，可能丢失数据
  (编译源文件“../../../src/type1/type1.c”)
  
E:\下载\freetype-2.13.3\src\truetype\ttobjs.c(954,1): warning C4819: 该文件包含不能在当前代码页(936)中表示的字符。请将该文件保存为 Unicode 格式以防止数据丢失
  (编译源文件“../../../src/truetype/truetype.c”)
  
E:\下载\freetype-2.13.3\src\type1\t1load.c(1953,36): warning C4244: “=”: 从“__int64”转换到“FT_Int”，可能丢失数据
  (编译源文件“../../../src/type1/type1.c”)
  
E:\下载\freetype-2.13.3\src\sfnt\ttcolr.c(731,1): warning C4706: 条件表达式内的赋值
E:\下载\freetype-2.13.3\src\sfnt\ttcolr.c(779,1): warning C4706: 条件表达式内的赋值
E:\下载\freetype-2.13.3\src\sfnt\ttcolr.c(841,1): warning C4706: 条件表达式内的赋值
  ftdebug.c
  ftsystem.c
    正在创建库 ..\..\..\objs\x64\Release\freetype.lib 和对象 ..\..\..\objs\x64\Release\freetype.exp
  freetype.vcxproj -> E:\下载\freetype-2.13.3\objs\x64\Release\freetype.dll
